Arguments: 
  /home/meteor/.nvm/versions/node/v8.11.1/bin/node /usr/local/bin/yarn global browserify

PATH: 
  /home/meteor/bin:/home/meteor/.local/bin:/home/meteor/.nvm/versions/node/v8.11.1/bin:/usr/local/sbin:/usr/local/bin:/usr/sbin:/usr/bin:/sbin:/bin:/usr/games:/usr/local/games:/mnt/c/Program Files (x86)/Common Files/Oracle/Java/javapath_target_1764640:/mnt/c/ProgramData/Oracle/Java/javapath_target_1940562:/mnt/c/Windows/System32:/mnt/c/Windows:/mnt/c/Windows/System32/wbem:/mnt/c/Windows/System32/WindowsPowerShell/v1.0:/mnt/c/Program Files (x86)/Skype/Phone:/mnt/c/Program Files/Git/cmd:/mnt/c/Program Files/WinMerge:/mnt/c/Program Files/TortoiseGit/bin:/mnt/c/Program Files/TortoiseSVN/bin:/mnt/c/Program Files/nodejs:/mnt/c/Users/pazxx/AppData/Local/Microsoft/WindowsApps:/mnt/c/Users/pazxx/AppData/Local/Microsoft/WindowsApps:/mnt/c/Program Files/Microsoft VS Code/bin:/mnt/c/Users/pazxx/AppData/Roaming/npm:/mnt/c/Python27:/snap/bin:/home/meteor/.config/yarn/global/node_modules/.bin

Yarn version: 
  1.5.1

Node version: 
  8.11.1

Platform: 
  linux x64

npm manifest: 
  {
    "name": "addinator3000",
    "version": "1.0.0",
    "main": "index.js",
    "license": "MIT",
    "devDependencies": {},
    "dependencies": {}
  }

yarn manifest: 
  No manifest

Lockfile: 
  # THIS IS AN AUTOGENERATED FILE. DO NOT EDIT THIS FILE DIRECTLY.
  # yarn lockfile v1

Trace: 
  Error: Invalid subcommand. Try "add, bin, dir, ls, list, remove, upgrade, upgrade-interactive"
      at new MessageError (/usr/local/lib/node_modules/yarn/lib/cli.js:186:110)
      at Object.<anonymous> (/usr/local/lib/node_modules/yarn/lib/cli.js:30362:59)
      at Generator.next (<anonymous>)
      at step (/usr/local/lib/node_modules/yarn/lib/cli.js:98:30)
      at /usr/local/lib/node_modules/yarn/lib/cli.js:116:14
      at new Promise (<anonymous>)
      at new F (/usr/local/lib/node_modules/yarn/lib/cli.js:23451:28)
      at Object.<anonymous> (/usr/local/lib/node_modules/yarn/lib/cli.js:95:12)
      at Object.run (/usr/local/lib/node_modules/yarn/lib/cli.js:30366:19)
      at run (/usr/local/lib/node_modules/yarn/lib/cli.js:89113:20)
